BACI System: C-- to PCODE Compiler in C, 11:30   1 Oct 2012
Source file: prodCons.cm  Fri Nov 29 12:34:20 2019
 line  pc
   1    0  semaphore fullSem;
   2    0  semaphore emptySem;
   3    0  
   4    0  const int N = 10;
   5    0  int buffer[N];
   6    0  int write_pos = 0;
   7    0  int read_pos = 0;
   8    0  
   9    0  void queue_add(int item)
  10    0  {
  11    0      buffer[write_pos] = item;
  12    5      write_pos = (write_pos + 1) % N;
  13   12  }
  14   13  
  15   13  int queue_get()
  16   13  {
  17   13      int item;
  18   13      item = buffer[read_pos];
  19   19      read_pos = (read_pos + 1) % N;
  20   26      return item;
  21   30  }
  22   31  
  23   31  void prod(){
  24   31      int i;
  25   31      for(i = 0; i < 50; i++){
  26   45          wait(emptySem);
  27   47              queue_add(i);
  28   51          signal(fullSem);
  29   53      }
  30   54  
  31   54  }
  32   55  
  33   55  void cons(){
  34   55      int i, x;
  35   55      for(i = 0; i < 50; i++){
  36   69          wait(fullSem);
  37   71              cout << queue_get() << endl;
  38   76          signal(emptySem);
  39   78      }
  40   79  }
  41   80  
  42   80  int main(){
  43   81      initialsem(fullSem, 0);
  44   84      initialsem(emptySem, N);
  45   87      cobegin{
  46   88          prod(); cons();
  47   94      }
  48   95  
  49   95  }
