BACI System: C-- to PCODE Compiler in C, 11:30   1 Oct 2012
Source file: seq.cm  Fri Nov 29 00:50:54 2019
 line  pc
   1    0  binarysem sem1;
   2    0  binarysem sem2;
   3    0  binarysem sem3;
   4    0  
   5    0  void operation1(){
   6    0  	wait(sem1);
   7    2  	cout << "1" << endl;
   8    4  	signal(sem2);
   9    6  }
  10    7  
  11    7  void operation2(){
  12    7  	wait(sem2);
  13    9  	cout << "2" << endl;
  14   11  	signal(sem3);
  15   13  }
  16   14  
  17   14  void operation3(){
  18   14  	wait(sem3);
  19   16  	cout << "3" << endl;
  20   18  }
  21   19  
  22   19  void main(){
  23   20  	initialsem(sem1, 1);
  24   23  	initialsem(sem2, 0);
  25   26  	initialsem(sem3, 0);
  26   29  	cobegin{ operation1(); operation2(); operation3(); }
  27   40  }
