BACI System: C-- to PCODE Compiler in C, 11:30   1 Oct 2012
Source file: zadanieMonitor2.cm  Fri Dec  6 13:00:11 2019
 line  pc
   1    0  monitor sum_two_monitor 
   2    0  
   3    0  { 
   4    0  
   5    0      int values[2]; 
   6    0  
   7    0      int num_added; 
   8    0  
   9    0      condition cond_all_ready; 
  10    0  
  11    0    
  12    0  
  13    0      void add_value (int index, int value) 
  14    1  
  15    1      { 
  16    1  
  17    1          values[index] = value; 
  18    6  
  19    6          num_added++; 
  20   11  
  21   11    
  22   11  
  23   11          if(num_added == 2) 
  24   15  
  25   15              signalc(cond_all_ready); 
  26   17  
  27   17      } 
  28   19  
  29   19      void get_sum () 
  30   20  
  31   20      { 
  32   20  
  33   20          if(num_added < 2) 
  34   24  
  35   24              waitc(cond_all_ready); 
  36   27  
  37   27    
  38   27  
  39   27          cout << values[0] << " + " << values[1] << " = " << values[0]+values[1] << endl; 
  40   50  
  41   50      } 
  42   52  
  43   52      init { num_added = 0; } 
  44   56  
  45   56  } 
  46   56  
  47   56    
  48   56  
  49   56  void process_gen(int index)  
  50   56  
  51   56  { 
  52   56  
  53   56      int number; 
  54   56  
  55   56      number = random(100); 
  56   60  
  57   60      add_value(index, number); 
  58   65  
  59   65  } 
  60   66  
  61   66    
  62   66  
  63   66  void process_sum()  
  64   66  
  65   66  { 
  66   66  
  67   66      get_sum(); 
  68   69  
  69   69  } 
  70   70  
  71   70    
  72   70  
  73   70  main()  
  74   71  
  75   71  { 
  76   71  
  77   71      cobegin  {  
  78   72  
  79   72          process_gen(0); process_gen(1); process_sum(); 
  80   83  
  81   83      }  
  82   84  
  83   84  } 
